Analysis & Synthesis report for calculator_mem
Tue Nov 26 14:22:48 2019
Quartus Prime Version 18.1.0 Build 625 09/12/2018 SJ Lite Edition


---------------------
; Table of Contents ;
---------------------
  1. Legal Notice
  2. Analysis & Synthesis Summary
  3. Analysis & Synthesis Settings
  4. Parallel Compilation
  5. Analysis & Synthesis Source Files Read
  6. Analysis & Synthesis Resource Usage Summary
  7. Analysis & Synthesis Resource Utilization by Entity
  8. Analysis & Synthesis RAM Summary
  9. Analysis & Synthesis DSP Block Usage Summary
 10. Analysis & Synthesis IP Cores Summary
 11. State Machine - |top|calculator_mem:calculator_u|state_reg
 12. Registers Removed During Synthesis
 13. General Register Statistics
 14. Inverted Register Statistics
 15. Multiplexer Restructuring Statistics (Restructuring Performed)
 16. Source assignments for calculator_mem:calculator_u|calculator_rom:rom_u|altsyncram:altsyncram_component|altsyncram_hc24:auto_generated
 17. Parameter Settings for User Entity Instance: calculator_mem:calculator_u|memory:mem_u
 18. Parameter Settings for User Entity Instance: calculator_mem:calculator_u|calculator_rom:rom_u|altsyncram:altsyncram_component
 19. Parameter Settings for Inferred Entity Instance: calculator_mem:calculator_u|alu:alu_u|lpm_divide:Div0
 20. altsyncram Parameter Settings by Entity Instance
 21. Port Connectivity Checks: "calculator_mem:calculator_u|double_dabble:dd"
 22. Port Connectivity Checks: "calculator_mem:calculator_u|memory:mem_u"
 23. Post-Synthesis Netlist Statistics for Top Partition
 24. Elapsed Time Per Partition
 25. Analysis & Synthesis Messages



----------------
; Legal Notice ;
----------------
Copyright (C) 2018  Intel Corporation. All rights reserved.
Your use of Intel Corporation's design tools, logic functions 
and other software and tools, and its AMPP partner logic 
functions, and any output files from any of the foregoing 
(including device programming or simulation files), and any 
associated documentation or information are expressly subject 
to the terms and conditions of the Intel Program License 
Subscription Agreement, the Intel Quartus Prime License Agreement,
the Intel FPGA IP License Agreement, or other applicable license
agreement, including, without limitation, that your use is for
the sole purpose of programming logic devices manufactured by
Intel and sold by Intel or its authorized distributors.  Please
refer to the applicable agreement for further details.



+-------------------------------------------------------------------------------+
; Analysis & Synthesis Summary                                                  ;
+---------------------------------+---------------------------------------------+
; Analysis & Synthesis Status     ; Successful - Tue Nov 26 14:22:48 2019       ;
; Quartus Prime Version           ; 18.1.0 Build 625 09/12/2018 SJ Lite Edition ;
; Revision Name                   ; calculator_mem                              ;
; Top-level Entity Name           ; top                                         ;
; Family                          ; Cyclone V                                   ;
; Logic utilization (in ALMs)     ; N/A                                         ;
; Total registers                 ; 82                                          ;
; Total pins                      ; 29                                          ;
; Total virtual pins              ; 0                                           ;
; Total block memory bits         ; 352                                         ;
; Total DSP Blocks                ; 1                                           ;
; Total HSSI RX PCSs              ; 0                                           ;
; Total HSSI PMA RX Deserializers ; 0                                           ;
; Total HSSI TX PCSs              ; 0                                           ;
; Total HSSI PMA TX Serializers   ; 0                                           ;
; Total PLLs                      ; 0                                           ;
; Total DLLs                      ; 0                                           ;
+---------------------------------+---------------------------------------------+


+---------------------------------------------------------------------------------------------------------------------------+
; Analysis & Synthesis Settings                                                                                             ;
+---------------------------------------------------------------------------------+--------------------+--------------------+
; Option                                                                          ; Setting            ; Default Value      ;
+---------------------------------------------------------------------------------+--------------------+--------------------+
; Device                                                                          ; 5CSEMA5F31C6       ;                    ;
; Top-level entity name                                                           ; top                ; calculator_mem     ;
; Family name                                                                     ; Cyclone V          ; Cyclone V          ;
; Use smart compilation                                                           ; Off                ; Off                ;
; Enable parallel Assembler and Timing Analyzer during compilation                ; On                 ; On                 ;
; Enable compact report table                                                     ; Off                ; Off                ;
; Restructure Multiplexers                                                        ; Auto               ; Auto               ;
; MLAB Add Timing Constraints For Mixed-Port Feed-Through Mode Setting Don't Care ; Off                ; Off                ;
; Create Debugging Nodes for IP Cores                                             ; Off                ; Off                ;
; Preserve fewer node names                                                       ; On                 ; On                 ;
; Intel FPGA IP Evaluation Mode                                                   ; Enable             ; Enable             ;
; Verilog Version                                                                 ; Verilog_2001       ; Verilog_2001       ;
; VHDL Version                                                                    ; VHDL_1993          ; VHDL_1993          ;
; State Machine Processing                                                        ; Auto               ; Auto               ;
; Safe State Machine                                                              ; Off                ; Off                ;
; Extract Verilog State Machines                                                  ; On                 ; On                 ;
; Extract VHDL State Machines                                                     ; On                 ; On                 ;
; Ignore Verilog initial constructs                                               ; Off                ; Off                ;
; Iteration limit for constant Verilog loops                                      ; 5000               ; 5000               ;
; Iteration limit for non-constant Verilog loops                                  ; 250                ; 250                ;
; Add Pass-Through Logic to Inferred RAMs                                         ; On                 ; On                 ;
; Infer RAMs from Raw Logic                                                       ; On                 ; On                 ;
; Parallel Synthesis                                                              ; On                 ; On                 ;
; DSP Block Balancing                                                             ; Auto               ; Auto               ;
; NOT Gate Push-Back                                                              ; On                 ; On                 ;
; Power-Up Don't Care                                                             ; On                 ; On                 ;
; Remove Redundant Logic Cells                                                    ; Off                ; Off                ;
; Remove Duplicate Registers                                                      ; On                 ; On                 ;
; Ignore CARRY Buffers                                                            ; Off                ; Off                ;
; Ignore CASCADE Buffers                                                          ; Off                ; Off                ;
; Ignore GLOBAL Buffers                                                           ; Off                ; Off                ;
; Ignore ROW GLOBAL Buffers                                                       ; Off                ; Off                ;
; Ignore LCELL Buffers                                                            ; Off                ; Off                ;
; Ignore SOFT Buffers                                                             ; On                 ; On                 ;
; Limit AHDL Integers to 32 Bits                                                  ; Off                ; Off                ;
; Optimization Technique                                                          ; Balanced           ; Balanced           ;
; Carry Chain Length                                                              ; 70                 ; 70                 ;
; Auto Carry Chains                                                               ; On                 ; On                 ;
; Auto Open-Drain Pins                                                            ; On                 ; On                 ;
; Perform WYSIWYG Primitive Resynthesis                                           ; Off                ; Off                ;
; Auto ROM Replacement                                                            ; On                 ; On                 ;
; Auto RAM Replacement                                                            ; On                 ; On                 ;
; Auto DSP Block Replacement                                                      ; On                 ; On                 ;
; Auto Shift Register Replacement                                                 ; Auto               ; Auto               ;
; Allow Shift Register Merging across Hierarchies                                 ; Auto               ; Auto               ;
; Auto Clock Enable Replacement                                                   ; On                 ; On                 ;
; Strict RAM Replacement                                                          ; Off                ; Off                ;
; Allow Synchronous Control Signals                                               ; On                 ; On                 ;
; Force Use of Synchronous Clear Signals                                          ; Off                ; Off                ;
; Auto Resource Sharing                                                           ; Off                ; Off                ;
; Allow Any RAM Size For Recognition                                              ; Off                ; Off                ;
; Allow Any ROM Size For Recognition                                              ; Off                ; Off                ;
; Allow Any Shift Register Size For Recognition                                   ; Off                ; Off                ;
; Use LogicLock Constraints during Resource Balancing                             ; On                 ; On                 ;
; Ignore translate_off and synthesis_off directives                               ; Off                ; Off                ;
; Timing-Driven Synthesis                                                         ; On                 ; On                 ;
; Report Parameter Settings                                                       ; On                 ; On                 ;
; Report Source Assignments                                                       ; On                 ; On                 ;
; Report Connectivity Checks                                                      ; On                 ; On                 ;
; Ignore Maximum Fan-Out Assignments                                              ; Off                ; Off                ;
; Synchronization Register Chain Length                                           ; 3                  ; 3                  ;
; Power Optimization During Synthesis                                             ; Normal compilation ; Normal compilation ;
; HDL message level                                                               ; Level2             ; Level2             ;
; Suppress Register Optimization Related Messages                                 ; Off                ; Off                ;
; Number of Removed Registers Reported in Synthesis Report                        ; 5000               ; 5000               ;
; Number of Swept Nodes Reported in Synthesis Report                              ; 5000               ; 5000               ;
; Number of Inverted Registers Reported in Synthesis Report                       ; 100                ; 100                ;
; Clock MUX Protection                                                            ; On                 ; On                 ;
; Auto Gated Clock Conversion                                                     ; Off                ; Off                ;
; Block Design Naming                                                             ; Auto               ; Auto               ;
; SDC constraint protection                                                       ; Off                ; Off                ;
; Synthesis Effort                                                                ; Auto               ; Auto               ;
; Shift Register Replacement - Allow Asynchronous Clear Signal                    ; On                 ; On                 ;
; Pre-Mapping Resynthesis Optimization                                            ; Off                ; Off                ;
; Analysis & Synthesis Message Level                                              ; Medium             ; Medium             ;
; Disable Register Merging Across Hierarchies                                     ; Auto               ; Auto               ;
; Resource Aware Inference For Block RAM                                          ; On                 ; On                 ;
; Automatic Parallel Synthesis                                                    ; On                 ; On                 ;
; Partial Reconfiguration Bitstream ID                                            ; Off                ; Off                ;
+---------------------------------------------------------------------------------+--------------------+--------------------+


+------------------------------------------+
; Parallel Compilation                     ;
+----------------------------+-------------+
; Processors                 ; Number      ;
+----------------------------+-------------+
; Number detected on machine ; 8           ;
; Maximum allowed            ; 4           ;
;                            ;             ;
; Average used               ; 1.00        ;
; Maximum used               ; 4           ;
;                            ;             ;
; Usage by Processor         ; % Time Used ;
;     Processor 1            ; 100.0%      ;
;     Processors 2-4         ;   0.0%      ;
+----------------------------+-------------+


+----------------------------------------------------------------------------------------------------------------------------------------------------------------------------------------------+
; Analysis & Synthesis Source Files Read                                                                                                                                                       ;
+----------------------------------------+-----------------+----------------------------------------+--------------------------------------------------------------------------------+---------+
; File Name with User-Entered Path       ; Used in Netlist ; File Type                              ; File Name with Absolute Path                                                   ; Library ;
+----------------------------------------+-----------------+----------------------------------------+--------------------------------------------------------------------------------+---------+
; ../../src/bcd_to_seven_seg.vhd         ; yes             ; User VHDL File                         ; C:/Users/briza/Documents/GitHub/HDL/lab7/src/bcd_to_seven_seg.vhd              ;         ;
; ../../src/rising_edge_synchronizer.vhd ; yes             ; User VHDL File                         ; C:/Users/briza/Documents/GitHub/HDL/lab7/src/rising_edge_synchronizer.vhd      ;         ;
; ../../src/double_dabble.vhd            ; yes             ; User VHDL File                         ; C:/Users/briza/Documents/GitHub/HDL/lab7/src/double_dabble.vhd                 ;         ;
; ../../src/memory.vhd                   ; yes             ; User VHDL File                         ; C:/Users/briza/Documents/GitHub/HDL/lab7/src/memory.vhd                        ;         ;
; ../../src/alu.vhd                      ; yes             ; User VHDL File                         ; C:/Users/briza/Documents/GitHub/HDL/lab7/src/alu.vhd                           ;         ;
; ../../src/components.vhd               ; yes             ; User VHDL File                         ; C:/Users/briza/Documents/GitHub/HDL/lab7/src/components.vhd                    ;         ;
; ../../src/calculator_mem.vhd           ; yes             ; User VHDL File                         ; C:/Users/briza/Documents/GitHub/HDL/lab7/src/calculator_mem.vhd                ;         ;
; ../../src/rom/calculator_rom.vhd       ; yes             ; User Wizard-Generated File             ; C:/Users/briza/Documents/GitHub/HDL/lab7/src/rom/calculator_rom.vhd            ;         ;
; ../../src/top.vhd                      ; yes             ; User VHDL File                         ; C:/Users/briza/Documents/GitHub/HDL/lab7/src/top.vhd                           ;         ;
; altsyncram.tdf                         ; yes             ; Megafunction                           ; c:/intelfpga_lite/18.1/quartus/libraries/megafunctions/altsyncram.tdf          ;         ;
; stratix_ram_block.inc                  ; yes             ; Megafunction                           ; c:/intelfpga_lite/18.1/quartus/libraries/megafunctions/stratix_ram_block.inc   ;         ;
; lpm_mux.inc                            ; yes             ; Megafunction                           ; c:/intelfpga_lite/18.1/quartus/libraries/megafunctions/lpm_mux.inc             ;         ;
; lpm_decode.inc                         ; yes             ; Megafunction                           ; c:/intelfpga_lite/18.1/quartus/libraries/megafunctions/lpm_decode.inc          ;         ;
; aglobal181.inc                         ; yes             ; Megafunction                           ; c:/intelfpga_lite/18.1/quartus/libraries/megafunctions/aglobal181.inc          ;         ;
; a_rdenreg.inc                          ; yes             ; Megafunction                           ; c:/intelfpga_lite/18.1/quartus/libraries/megafunctions/a_rdenreg.inc           ;         ;
; altrom.inc                             ; yes             ; Megafunction                           ; c:/intelfpga_lite/18.1/quartus/libraries/megafunctions/altrom.inc              ;         ;
; altram.inc                             ; yes             ; Megafunction                           ; c:/intelfpga_lite/18.1/quartus/libraries/megafunctions/altram.inc              ;         ;
; altdpram.inc                           ; yes             ; Megafunction                           ; c:/intelfpga_lite/18.1/quartus/libraries/megafunctions/altdpram.inc            ;         ;
; db/altsyncram_hc24.tdf                 ; yes             ; Auto-Generated Megafunction            ; C:/Users/briza/Documents/GitHub/HDL/lab7/hw/project/db/altsyncram_hc24.tdf     ;         ;
; ../../src/rom/calculator.mif           ; yes             ; Auto-Found Memory Initialization File  ; C:/Users/briza/Documents/GitHub/HDL/lab7/src/rom/calculator.mif                ;         ;
; lpm_divide.tdf                         ; yes             ; Megafunction                           ; c:/intelfpga_lite/18.1/quartus/libraries/megafunctions/lpm_divide.tdf          ;         ;
; abs_divider.inc                        ; yes             ; Megafunction                           ; c:/intelfpga_lite/18.1/quartus/libraries/megafunctions/abs_divider.inc         ;         ;
; sign_div_unsign.inc                    ; yes             ; Megafunction                           ; c:/intelfpga_lite/18.1/quartus/libraries/megafunctions/sign_div_unsign.inc     ;         ;
; db/lpm_divide_7dm.tdf                  ; yes             ; Auto-Generated Megafunction            ; C:/Users/briza/Documents/GitHub/HDL/lab7/hw/project/db/lpm_divide_7dm.tdf      ;         ;
; db/sign_div_unsign_dnh.tdf             ; yes             ; Auto-Generated Megafunction            ; C:/Users/briza/Documents/GitHub/HDL/lab7/hw/project/db/sign_div_unsign_dnh.tdf ;         ;
; db/alt_u_div_03f.tdf                   ; yes             ; Auto-Generated Megafunction            ; C:/Users/briza/Documents/GitHub/HDL/lab7/hw/project/db/alt_u_div_03f.tdf       ;         ;
+----------------------------------------+-----------------+----------------------------------------+--------------------------------------------------------------------------------+---------+


+---------------------------------------------------------+
; Analysis & Synthesis Resource Usage Summary             ;
+---------------------------------------------+-----------+
; Resource                                    ; Usage     ;
+---------------------------------------------+-----------+
; Estimate of Logic utilization (ALMs needed) ; 201       ;
;                                             ;           ;
; Combinational ALUT usage for logic          ; 374       ;
;     -- 7 input functions                    ; 0         ;
;     -- 6 input functions                    ; 6         ;
;     -- 5 input functions                    ; 65        ;
;     -- 4 input functions                    ; 126       ;
;     -- <=3 input functions                  ; 177       ;
;                                             ;           ;
; Dedicated logic registers                   ; 82        ;
;                                             ;           ;
; I/O pins                                    ; 29        ;
; Total MLAB memory bits                      ; 0         ;
; Total block memory bits                     ; 352       ;
;                                             ;           ;
; Total DSP Blocks                            ; 1         ;
;                                             ;           ;
; Maximum fan-out node                        ; clk~input ;
; Maximum fan-out                             ; 93        ;
; Total fan-out                               ; 1798      ;
; Average fan-out                             ; 3.42      ;
+---------------------------------------------+-----------+


+----------------------------------------------------------------------------------------------------------------------------------------------------------------------------------------------------------------------------------------------------------------------------------------------------------------------------------------------+
; Analysis & Synthesis Resource Utilization by Entity                                                                                                                                                                                                                                                                                          ;
+----------------------------------------------+---------------------+---------------------------+-------------------+------------+------+--------------+--------------------------------------------------------------------------------------------------------------------------------------------+--------------------------+--------------+
; Compilation Hierarchy Node                   ; Combinational ALUTs ; Dedicated Logic Registers ; Block Memory Bits ; DSP Blocks ; Pins ; Virtual Pins ; Full Hierarchy Name                                                                                                                        ; Entity Name              ; Library Name ;
+----------------------------------------------+---------------------+---------------------------+-------------------+------------+------+--------------+--------------------------------------------------------------------------------------------------------------------------------------------+--------------------------+--------------+
; |top                                         ; 374 (0)             ; 82 (0)                    ; 352               ; 1          ; 29   ; 0            ; |top                                                                                                                                       ; top                      ; work         ;
;    |calculator_mem:calculator_u|             ; 374 (12)            ; 82 (18)                   ; 352               ; 1          ; 0    ; 0            ; |top|calculator_mem:calculator_u                                                                                                           ; calculator_mem           ; work         ;
;       |alu:alu_u|                            ; 329 (18)            ; 16 (16)                   ; 0                 ; 1          ; 0    ; 0            ; |top|calculator_mem:calculator_u|alu:alu_u                                                                                                 ; alu                      ; work         ;
;          |lpm_divide:Div0|                   ; 311 (0)             ; 0 (0)                     ; 0                 ; 0          ; 0    ; 0            ; |top|calculator_mem:calculator_u|alu:alu_u|lpm_divide:Div0                                                                                 ; lpm_divide               ; work         ;
;             |lpm_divide_7dm:auto_generated|  ; 311 (0)             ; 0 (0)                     ; 0                 ; 0          ; 0    ; 0            ; |top|calculator_mem:calculator_u|alu:alu_u|lpm_divide:Div0|lpm_divide_7dm:auto_generated                                                   ; lpm_divide_7dm           ; work         ;
;                |sign_div_unsign_dnh:divider| ; 311 (0)             ; 0 (0)                     ; 0                 ; 0          ; 0    ; 0            ; |top|calculator_mem:calculator_u|alu:alu_u|lpm_divide:Div0|lpm_divide_7dm:auto_generated|sign_div_unsign_dnh:divider                       ; sign_div_unsign_dnh      ; work         ;
;                   |alt_u_div_03f:divider|    ; 311 (311)           ; 0 (0)                     ; 0                 ; 0          ; 0    ; 0            ; |top|calculator_mem:calculator_u|alu:alu_u|lpm_divide:Div0|lpm_divide_7dm:auto_generated|sign_div_unsign_dnh:divider|alt_u_div_03f:divider ; alt_u_div_03f            ; work         ;
;       |bcd_to_seven_seg:hundreds_display|    ; 3 (3)               ; 6 (6)                     ; 0                 ; 0          ; 0    ; 0            ; |top|calculator_mem:calculator_u|bcd_to_seven_seg:hundreds_display                                                                         ; bcd_to_seven_seg         ; work         ;
;       |bcd_to_seven_seg:ones_display|        ; 7 (7)               ; 7 (7)                     ; 0                 ; 0          ; 0    ; 0            ; |top|calculator_mem:calculator_u|bcd_to_seven_seg:ones_display                                                                             ; bcd_to_seven_seg         ; work         ;
;       |bcd_to_seven_seg:tens_display|        ; 7 (7)               ; 7 (7)                     ; 0                 ; 0          ; 0    ; 0            ; |top|calculator_mem:calculator_u|bcd_to_seven_seg:tens_display                                                                             ; bcd_to_seven_seg         ; work         ;
;       |calculator_rom:rom_u|                 ; 0 (0)               ; 0 (0)                     ; 352               ; 0          ; 0    ; 0            ; |top|calculator_mem:calculator_u|calculator_rom:rom_u                                                                                      ; calculator_rom           ; work         ;
;          |altsyncram:altsyncram_component|   ; 0 (0)               ; 0 (0)                     ; 352               ; 0          ; 0    ; 0            ; |top|calculator_mem:calculator_u|calculator_rom:rom_u|altsyncram:altsyncram_component                                                      ; altsyncram               ; work         ;
;             |altsyncram_hc24:auto_generated| ; 0 (0)               ; 0 (0)                     ; 352               ; 0          ; 0    ; 0            ; |top|calculator_mem:calculator_u|calculator_rom:rom_u|altsyncram:altsyncram_component|altsyncram_hc24:auto_generated                       ; altsyncram_hc24          ; work         ;
;       |double_dabble:dd|                     ; 12 (12)             ; 0 (0)                     ; 0                 ; 0          ; 0    ; 0            ; |top|calculator_mem:calculator_u|double_dabble:dd                                                                                          ; double_dabble            ; work         ;
;       |memory:mem_u|                         ; 2 (2)               ; 24 (24)                   ; 0                 ; 0          ; 0    ; 0            ; |top|calculator_mem:calculator_u|memory:mem_u                                                                                              ; memory                   ; work         ;
;       |rising_edge_synchronizer:execute_u|   ; 2 (2)               ; 4 (4)                     ; 0                 ; 0          ; 0    ; 0            ; |top|calculator_mem:calculator_u|rising_edge_synchronizer:execute_u                                                                        ; rising_edge_synchronizer ; work         ;
+----------------------------------------------+---------------------+---------------------------+-------------------+------------+------+--------------+--------------------------------------------------------------------------------------------------------------------------------------------+--------------------------+--------------+
Note: For table entries with two numbers listed, the numbers in parentheses indicate the number of resources of the given type used by the specific entity alone. The numbers listed outside of parentheses indicate the total resources of the given type used by the specific entity and all of its sub-entities in the hierarchy.


+------------------------------------------------------------------------------------------------------------------------------------------------------------------------------------------------------------------------------------+
; Analysis & Synthesis RAM Summary                                                                                                                                                                                                   ;
+----------------------------------------------------------------------------------------------------------------------------+------------+------+--------------+--------------+--------------+--------------+------+----------------+
; Name                                                                                                                       ; Type       ; Mode ; Port A Depth ; Port A Width ; Port B Depth ; Port B Width ; Size ; MIF            ;
+----------------------------------------------------------------------------------------------------------------------------+------------+------+--------------+--------------+--------------+--------------+------+----------------+
; calculator_mem:calculator_u|calculator_rom:rom_u|altsyncram:altsyncram_component|altsyncram_hc24:auto_generated|ALTSYNCRAM ; M10K block ; ROM  ; 32           ; 11           ; --           ; --           ; 352  ; calculator.mif ;
+----------------------------------------------------------------------------------------------------------------------------+------------+------+--------------+--------------+--------------+--------------+------+----------------+


+-----------------------------------------------+
; Analysis & Synthesis DSP Block Usage Summary  ;
+---------------------------------+-------------+
; Statistic                       ; Number Used ;
+---------------------------------+-------------+
; Independent 9x9                 ; 1           ;
; Total number of DSP blocks      ; 1           ;
;                                 ;             ;
; Fixed Point Unsigned Multiplier ; 1           ;
+---------------------------------+-------------+


+----------------------------------------------------------------------------------------------------------------------------------------------------------+
; Analysis & Synthesis IP Cores Summary                                                                                                                    ;
+--------+--------------+---------+--------------+--------------+-------------------------------------------------------+----------------------------------+
; Vendor ; IP Core Name ; Version ; Release Date ; License Type ; Entity Instance                                       ; IP Include File                  ;
+--------+--------------+---------+--------------+--------------+-------------------------------------------------------+----------------------------------+
; Altera ; ROM: 1-PORT  ; 18.1    ; N/A          ; N/A          ; |top|calculator_mem:calculator_u|calculator_rom:rom_u ; ../../src/rom/calculator_rom.vhd ;
+--------+--------------+---------+--------------+--------------+-------------------------------------------------------+----------------------------------+


Encoding Type:  One-Hot
+---------------------------------------------------------------------------------------------------------------------------------+
; State Machine - |top|calculator_mem:calculator_u|state_reg                                                                      ;
+-------------------------+-------------------------+-------------------+-------------------+------------------+------------------+
; Name                    ; state_reg.write_w_no_op ; state_reg.write_s ; state_reg.write_w ; state_reg.read_s ; state_reg.read_w ;
+-------------------------+-------------------------+-------------------+-------------------+------------------+------------------+
; state_reg.read_w        ; 0                       ; 0                 ; 0                 ; 0                ; 0                ;
; state_reg.read_s        ; 0                       ; 0                 ; 0                 ; 1                ; 1                ;
; state_reg.write_w       ; 0                       ; 0                 ; 1                 ; 0                ; 1                ;
; state_reg.write_s       ; 0                       ; 1                 ; 0                 ; 0                ; 1                ;
; state_reg.write_w_no_op ; 1                       ; 0                 ; 0                 ; 0                ; 1                ;
+-------------------------+-------------------------+-------------------+-------------------+------------------+------------------+


+-------------------------------------------------------------------------------------------------------------------+
; Registers Removed During Synthesis                                                                                ;
+--------------------------------------------------------------------------+----------------------------------------+
; Register name                                                            ; Reason for Removal                     ;
+--------------------------------------------------------------------------+----------------------------------------+
; calculator_mem:calculator_u|memory:mem_u|RAM[2][0]                       ; Lost fanout                            ;
; calculator_mem:calculator_u|memory:mem_u|RAM[2][1]                       ; Lost fanout                            ;
; calculator_mem:calculator_u|memory:mem_u|RAM[2][2]                       ; Lost fanout                            ;
; calculator_mem:calculator_u|memory:mem_u|RAM[2][3]                       ; Lost fanout                            ;
; calculator_mem:calculator_u|memory:mem_u|RAM[2][4]                       ; Lost fanout                            ;
; calculator_mem:calculator_u|memory:mem_u|RAM[2][5]                       ; Lost fanout                            ;
; calculator_mem:calculator_u|memory:mem_u|RAM[2][6]                       ; Lost fanout                            ;
; calculator_mem:calculator_u|memory:mem_u|RAM[2][7]                       ; Lost fanout                            ;
; calculator_mem:calculator_u|memory:mem_u|RAM[3][0]                       ; Lost fanout                            ;
; calculator_mem:calculator_u|memory:mem_u|RAM[3][1]                       ; Lost fanout                            ;
; calculator_mem:calculator_u|memory:mem_u|RAM[3][2]                       ; Lost fanout                            ;
; calculator_mem:calculator_u|memory:mem_u|RAM[3][3]                       ; Lost fanout                            ;
; calculator_mem:calculator_u|memory:mem_u|RAM[3][4]                       ; Lost fanout                            ;
; calculator_mem:calculator_u|memory:mem_u|RAM[3][5]                       ; Lost fanout                            ;
; calculator_mem:calculator_u|memory:mem_u|RAM[3][6]                       ; Lost fanout                            ;
; calculator_mem:calculator_u|memory:mem_u|RAM[3][7]                       ; Lost fanout                            ;
; calculator_mem:calculator_u|bcd_to_seven_seg:hundreds_display|display[1] ; Stuck at GND due to stuck port data_in ;
; Total Number of Removed Registers = 17                                   ;                                        ;
+--------------------------------------------------------------------------+----------------------------------------+


+------------------------------------------------------+
; General Register Statistics                          ;
+----------------------------------------------+-------+
; Statistic                                    ; Value ;
+----------------------------------------------+-------+
; Total registers                              ; 82    ;
; Number of registers using Synchronous Clear  ; 16    ;
; Number of registers using Synchronous Load   ; 24    ;
; Number of registers using Asynchronous Clear ; 30    ;
; Number of registers using Asynchronous Load  ; 0     ;
; Number of registers using Clock Enable       ; 34    ;
; Number of registers using Preset             ; 0     ;
+----------------------------------------------+-------+


+------------------------------------------------------------------------------------+
; Inverted Register Statistics                                                       ;
+--------------------------------------------------------------------------+---------+
; Inverted Register                                                        ; Fan out ;
+--------------------------------------------------------------------------+---------+
; calculator_mem:calculator_u|rising_edge_synchronizer:execute_u|input_zz  ; 2       ;
; calculator_mem:calculator_u|rising_edge_synchronizer:execute_u|input_zzz ; 1       ;
; calculator_mem:calculator_u|rising_edge_synchronizer:execute_u|input_z   ; 1       ;
; Total number of inverted registers = 3                                   ;         ;
+--------------------------------------------------------------------------+---------+


+-------------------------------------------------------------------------------------------------------------------------------------------------------------------------+
; Multiplexer Restructuring Statistics (Restructuring Performed)                                                                                                          ;
+--------------------+-----------+---------------+----------------------+------------------------+------------+-----------------------------------------------------------+
; Multiplexer Inputs ; Bus Width ; Baseline Area ; Area if Restructured ; Saving if Restructured ; Registered ; Example Multiplexer Output                                ;
+--------------------+-----------+---------------+----------------------+------------------------+------------+-----------------------------------------------------------+
; 3:1                ; 8 bits    ; 16 LEs        ; 0 LEs                ; 16 LEs                 ; Yes        ; |top|calculator_mem:calculator_u|result_reg[2]            ;
; 3:1                ; 8 bits    ; 16 LEs        ; 8 LEs                ; 8 LEs                  ; Yes        ; |top|calculator_mem:calculator_u|alu:alu_u|result_temp[2] ;
; 3:1                ; 8 bits    ; 16 LEs        ; 0 LEs                ; 16 LEs                 ; Yes        ; |top|calculator_mem:calculator_u|memory:mem_u|RAM[0][6]   ;
; 3:1                ; 8 bits    ; 16 LEs        ; 0 LEs                ; 16 LEs                 ; Yes        ; |top|calculator_mem:calculator_u|memory:mem_u|RAM[1][2]   ;
; 3:1                ; 2 bits    ; 4 LEs         ; 4 LEs                ; 0 LEs                  ; No         ; |top|calculator_mem:calculator_u|next_state               ;
+--------------------+-----------+---------------+----------------------+------------------------+------------+-----------------------------------------------------------+


+----------------------------------------------------------------------------------------------------------------------------------------+
; Source assignments for calculator_mem:calculator_u|calculator_rom:rom_u|altsyncram:altsyncram_component|altsyncram_hc24:auto_generated ;
+---------------------------------+--------------------+------+--------------------------------------------------------------------------+
; Assignment                      ; Value              ; From ; To                                                                       ;
+---------------------------------+--------------------+------+--------------------------------------------------------------------------+
; OPTIMIZE_POWER_DURING_SYNTHESIS ; NORMAL_COMPILATION ; -    ; -                                                                        ;
+---------------------------------+--------------------+------+--------------------------------------------------------------------------+


+---------------------------------------------------------------------------------------+
; Parameter Settings for User Entity Instance: calculator_mem:calculator_u|memory:mem_u ;
+----------------+-------+--------------------------------------------------------------+
; Parameter Name ; Value ; Type                                                         ;
+----------------+-------+--------------------------------------------------------------+
; addr_width     ; 2     ; Signed Integer                                               ;
; data_width     ; 8     ; Signed Integer                                               ;
+----------------+-------+--------------------------------------------------------------+
Note: In order to hide this table in the UI and the text report file, please set the "Show Parameter Settings in Synthesis Report" option in "Analysis and Synthesis Settings -> More Settings" to "Off".


+-------------------------------------------------------------------------------------------------------------------------------+
; Parameter Settings for User Entity Instance: calculator_mem:calculator_u|calculator_rom:rom_u|altsyncram:altsyncram_component ;
+------------------------------------+----------------------+-------------------------------------------------------------------+
; Parameter Name                     ; Value                ; Type                                                              ;
+------------------------------------+----------------------+-------------------------------------------------------------------+
; BYTE_SIZE_BLOCK                    ; 8                    ; Untyped                                                           ;
; AUTO_CARRY_CHAINS                  ; ON                   ; AUTO_CARRY                                                        ;
; IGNORE_CARRY_BUFFERS               ; OFF                  ; IGNORE_CARRY                                                      ;
; AUTO_CASCADE_CHAINS                ; ON                   ; AUTO_CASCADE                                                      ;
; IGNORE_CASCADE_BUFFERS             ; OFF                  ; IGNORE_CASCADE                                                    ;
; WIDTH_BYTEENA                      ; 1                    ; Untyped                                                           ;
; OPERATION_MODE                     ; ROM                  ; Untyped                                                           ;
; WIDTH_A                            ; 11                   ; Signed Integer                                                    ;
; WIDTHAD_A                          ; 5                    ; Signed Integer                                                    ;
; NUMWORDS_A                         ; 32                   ; Signed Integer                                                    ;
; OUTDATA_REG_A                      ; UNREGISTERED         ; Untyped                                                           ;
; ADDRESS_ACLR_A                     ; NONE                 ; Untyped                                                           ;
; OUTDATA_ACLR_A                     ; NONE                 ; Untyped                                                           ;
; WRCONTROL_ACLR_A                   ; NONE                 ; Untyped                                                           ;
; INDATA_ACLR_A                      ; NONE                 ; Untyped                                                           ;
; BYTEENA_ACLR_A                     ; NONE                 ; Untyped                                                           ;
; WIDTH_B                            ; 1                    ; Signed Integer                                                    ;
; WIDTHAD_B                          ; 1                    ; Signed Integer                                                    ;
; NUMWORDS_B                         ; 0                    ; Signed Integer                                                    ;
; INDATA_REG_B                       ; CLOCK1               ; Untyped                                                           ;
; WRCONTROL_WRADDRESS_REG_B          ; CLOCK1               ; Untyped                                                           ;
; RDCONTROL_REG_B                    ; CLOCK1               ; Untyped                                                           ;
; ADDRESS_REG_B                      ; CLOCK1               ; Untyped                                                           ;
; OUTDATA_REG_B                      ; UNREGISTERED         ; Untyped                                                           ;
; BYTEENA_REG_B                      ; CLOCK1               ; Untyped                                                           ;
; INDATA_ACLR_B                      ; NONE                 ; Untyped                                                           ;
; WRCONTROL_ACLR_B                   ; NONE                 ; Untyped                                                           ;
; ADDRESS_ACLR_B                     ; NONE                 ; Untyped                                                           ;
; OUTDATA_ACLR_B                     ; NONE                 ; Untyped                                                           ;
; RDCONTROL_ACLR_B                   ; NONE                 ; Untyped                                                           ;
; BYTEENA_ACLR_B                     ; NONE                 ; Untyped                                                           ;
; WIDTH_BYTEENA_A                    ; 1                    ; Signed Integer                                                    ;
; WIDTH_BYTEENA_B                    ; 1                    ; Signed Integer                                                    ;
; RAM_BLOCK_TYPE                     ; M10K                 ; Untyped                                                           ;
; BYTE_SIZE                          ; 8                    ; Signed Integer                                                    ;
; READ_DURING_WRITE_MODE_MIXED_PORTS ; DONT_CARE            ; Untyped                                                           ;
; READ_DURING_WRITE_MODE_PORT_A      ; NEW_DATA_NO_NBE_READ ; Untyped                                                           ;
; READ_DURING_WRITE_MODE_PORT_B      ; NEW_DATA_NO_NBE_READ ; Untyped                                                           ;
; INIT_FILE                          ; calculator.mif       ; Untyped                                                           ;
; INIT_FILE_LAYOUT                   ; PORT_A               ; Untyped                                                           ;
; MAXIMUM_DEPTH                      ; 0                    ; Signed Integer                                                    ;
; CLOCK_ENABLE_INPUT_A               ; BYPASS               ; Untyped                                                           ;
; CLOCK_ENABLE_INPUT_B               ; NORMAL               ; Untyped                                                           ;
; CLOCK_ENABLE_OUTPUT_A              ; BYPASS               ; Untyped                                                           ;
; CLOCK_ENABLE_OUTPUT_B              ; NORMAL               ; Untyped                                                           ;
; CLOCK_ENABLE_CORE_A                ; USE_INPUT_CLKEN      ; Untyped                                                           ;
; CLOCK_ENABLE_CORE_B                ; USE_INPUT_CLKEN      ; Untyped                                                           ;
; ENABLE_ECC                         ; FALSE                ; Untyped                                                           ;
; ECC_PIPELINE_STAGE_ENABLED         ; FALSE                ; Untyped                                                           ;
; WIDTH_ECCSTATUS                    ; 3                    ; Signed Integer                                                    ;
; DEVICE_FAMILY                      ; Cyclone V            ; Untyped                                                           ;
; CBXI_PARAMETER                     ; altsyncram_hc24      ; Untyped                                                           ;
+------------------------------------+----------------------+-------------------------------------------------------------------+
Note: In order to hide this table in the UI and the text report file, please set the "Show Parameter Settings in Synthesis Report" option in "Analysis and Synthesis Settings -> More Settings" to "Off".


+--------------------------------------------------------------------------------------------------------+
; Parameter Settings for Inferred Entity Instance: calculator_mem:calculator_u|alu:alu_u|lpm_divide:Div0 ;
+------------------------+----------------+--------------------------------------------------------------+
; Parameter Name         ; Value          ; Type                                                         ;
+------------------------+----------------+--------------------------------------------------------------+
; LPM_WIDTHN             ; 16             ; Untyped                                                      ;
; LPM_WIDTHD             ; 16             ; Untyped                                                      ;
; LPM_NREPRESENTATION    ; UNSIGNED       ; Untyped                                                      ;
; LPM_DREPRESENTATION    ; UNSIGNED       ; Untyped                                                      ;
; LPM_PIPELINE           ; 0              ; Untyped                                                      ;
; LPM_REMAINDERPOSITIVE  ; TRUE           ; Untyped                                                      ;
; MAXIMIZE_SPEED         ; 5              ; Untyped                                                      ;
; CBXI_PARAMETER         ; lpm_divide_7dm ; Untyped                                                      ;
; CARRY_CHAIN            ; MANUAL         ; Untyped                                                      ;
; OPTIMIZE_FOR_SPEED     ; 5              ; Untyped                                                      ;
; AUTO_CARRY_CHAINS      ; ON             ; AUTO_CARRY                                                   ;
; IGNORE_CARRY_BUFFERS   ; OFF            ; IGNORE_CARRY                                                 ;
; AUTO_CASCADE_CHAINS    ; ON             ; AUTO_CASCADE                                                 ;
; IGNORE_CASCADE_BUFFERS ; OFF            ; IGNORE_CASCADE                                               ;
+------------------------+----------------+--------------------------------------------------------------+
Note: In order to hide this table in the UI and the text report file, please set the "Show Parameter Settings in Synthesis Report" option in "Analysis and Synthesis Settings -> More Settings" to "Off".


+------------------------------------------------------------------------------------------------------------------------------+
; altsyncram Parameter Settings by Entity Instance                                                                             ;
+-------------------------------------------+----------------------------------------------------------------------------------+
; Name                                      ; Value                                                                            ;
+-------------------------------------------+----------------------------------------------------------------------------------+
; Number of entity instances                ; 1                                                                                ;
; Entity Instance                           ; calculator_mem:calculator_u|calculator_rom:rom_u|altsyncram:altsyncram_component ;
;     -- OPERATION_MODE                     ; ROM                                                                              ;
;     -- WIDTH_A                            ; 11                                                                               ;
;     -- NUMWORDS_A                         ; 32                                                                               ;
;     -- OUTDATA_REG_A                      ; UNREGISTERED                                                                     ;
;     -- WIDTH_B                            ; 1                                                                                ;
;     -- NUMWORDS_B                         ; 0                                                                                ;
;     -- ADDRESS_REG_B                      ; CLOCK1                                                                           ;
;     -- OUTDATA_REG_B                      ; UNREGISTERED                                                                     ;
;     -- RAM_BLOCK_TYPE                     ; M10K                                                                             ;
;     -- READ_DURING_WRITE_MODE_MIXED_PORTS ; DONT_CARE                                                                        ;
+-------------------------------------------+----------------------------------------------------------------------------------+


+--------------------------------------------------------------------------+
; Port Connectivity Checks: "calculator_mem:calculator_u|double_dabble:dd" ;
+----------------------+-------+----------+--------------------------------+
; Port                 ; Type  ; Severity ; Details                        ;
+----------------------+-------+----------+--------------------------------+
; result_padded[11..8] ; Input ; Info     ; Stuck at GND                   ;
+----------------------+-------+----------+--------------------------------+


+----------------------------------------------------------------------+
; Port Connectivity Checks: "calculator_mem:calculator_u|memory:mem_u" ;
+---------+-------+----------+-----------------------------------------+
; Port    ; Type  ; Severity ; Details                                 ;
+---------+-------+----------+-----------------------------------------+
; addr[1] ; Input ; Info     ; Stuck at GND                            ;
+---------+-------+----------+-----------------------------------------+


+-----------------------------------------------------+
; Post-Synthesis Netlist Statistics for Top Partition ;
+-----------------------+-----------------------------+
; Type                  ; Count                       ;
+-----------------------+-----------------------------+
; arriav_ff             ; 82                          ;
;     CLR               ; 12                          ;
;     CLR SLD           ; 8                           ;
;     ENA               ; 8                           ;
;     ENA CLR           ; 2                           ;
;     ENA CLR SLD       ; 8                           ;
;     ENA SCLR          ; 16                          ;
;     SLD               ; 8                           ;
;     plain             ; 20                          ;
; arriav_lcell_comb     ; 376                         ;
;     arith             ; 167                         ;
;         0 data inputs ; 23                          ;
;         1 data inputs ; 8                           ;
;         2 data inputs ; 11                          ;
;         3 data inputs ; 15                          ;
;         4 data inputs ; 61                          ;
;         5 data inputs ; 49                          ;
;     normal            ; 209                         ;
;         0 data inputs ; 1                           ;
;         1 data inputs ; 3                           ;
;         2 data inputs ; 77                          ;
;         3 data inputs ; 41                          ;
;         4 data inputs ; 65                          ;
;         5 data inputs ; 16                          ;
;         6 data inputs ; 6                           ;
; arriav_mac            ; 1                           ;
; boundary_port         ; 29                          ;
; stratixv_ram_block    ; 11                          ;
;                       ;                             ;
; Max LUT depth         ; 31.00                       ;
; Average LUT depth     ; 21.59                       ;
+-----------------------+-----------------------------+


+-------------------------------+
; Elapsed Time Per Partition    ;
+----------------+--------------+
; Partition Name ; Elapsed Time ;
+----------------+--------------+
; Top            ; 00:00:01     ;
+----------------+--------------+


+-------------------------------+
; Analysis & Synthesis Messages ;
+-------------------------------+
Info: *******************************************************************
Info: Running Quartus Prime Analysis & Synthesis
    Info: Version 18.1.0 Build 625 09/12/2018 SJ Lite Edition
    Info: Processing started: Tue Nov 26 14:22:36 2019
Info: Command: quartus_map --read_settings_files=on --write_settings_files=off calculator_mem -c calculator_mem
Warning (18236): Number of processors has not been specified which may cause overloading on shared machines.  Set the global assignment NUM_PARALLEL_PROCESSORS in your QSF to an appropriate value for best performance.
Info (20030): Parallel compilation is enabled and will use 4 of the 4 processors detected
Info (12021): Found 2 design units, including 1 entities, in source file /users/briza/documents/github/hdl/lab7/src/bcd_to_seven_seg.vhd
    Info (12022): Found design unit 1: bcd_to_seven_seg-arc File: C:/Users/briza/Documents/GitHub/HDL/lab7/src/bcd_to_seven_seg.vhd Line: 53
    Info (12023): Found entity 1: bcd_to_seven_seg File: C:/Users/briza/Documents/GitHub/HDL/lab7/src/bcd_to_seven_seg.vhd Line: 41
Info (12021): Found 2 design units, including 1 entities, in source file /users/briza/documents/github/hdl/lab7/src/synchronizer_8bit.vhd
    Info (12022): Found design unit 1: synchronizer_8bit-beh File: C:/Users/briza/Documents/GitHub/HDL/lab7/src/synchronizer_8bit.vhd Line: 30
    Info (12023): Found entity 1: synchronizer_8bit File: C:/Users/briza/Documents/GitHub/HDL/lab7/src/synchronizer_8bit.vhd Line: 21
Info (12021): Found 2 design units, including 1 entities, in source file /users/briza/documents/github/hdl/lab7/src/rising_edge_synchronizer.vhd
    Info (12022): Found design unit 1: rising_edge_synchronizer-beh File: C:/Users/briza/Documents/GitHub/HDL/lab7/src/rising_edge_synchronizer.vhd Line: 17
    Info (12023): Found entity 1: rising_edge_synchronizer File: C:/Users/briza/Documents/GitHub/HDL/lab7/src/rising_edge_synchronizer.vhd Line: 8
Info (12021): Found 2 design units, including 1 entities, in source file /users/briza/documents/github/hdl/lab7/src/double_dabble.vhd
    Info (12022): Found design unit 1: double_dabble-arc File: C:/Users/briza/Documents/GitHub/HDL/lab7/src/double_dabble.vhd Line: 35
    Info (12023): Found entity 1: double_dabble File: C:/Users/briza/Documents/GitHub/HDL/lab7/src/double_dabble.vhd Line: 26
Info (12021): Found 2 design units, including 1 entities, in source file /users/briza/documents/github/hdl/lab7/src/memory.vhd
    Info (12022): Found design unit 1: memory-beh File: C:/Users/briza/Documents/GitHub/HDL/lab7/src/memory.vhd Line: 37
    Info (12023): Found entity 1: memory File: C:/Users/briza/Documents/GitHub/HDL/lab7/src/memory.vhd Line: 24
Info (12021): Found 2 design units, including 1 entities, in source file /users/briza/documents/github/hdl/lab7/src/alu.vhd
    Info (12022): Found design unit 1: alu-beh File: C:/Users/briza/Documents/GitHub/HDL/lab7/src/alu.vhd Line: 20
    Info (12023): Found entity 1: alu File: C:/Users/briza/Documents/GitHub/HDL/lab7/src/alu.vhd Line: 9
Info (12021): Found 1 design units, including 0 entities, in source file /users/briza/documents/github/hdl/lab7/src/components.vhd
    Info (12022): Found design unit 1: components File: C:/Users/briza/Documents/GitHub/HDL/lab7/src/components.vhd Line: 30
Info (12021): Found 2 design units, including 1 entities, in source file /users/briza/documents/github/hdl/lab7/src/calculator.vhd
    Info (12022): Found design unit 1: calculator-arc File: C:/Users/briza/Documents/GitHub/HDL/lab7/src/calculator.vhd Line: 68
    Info (12023): Found entity 1: calculator File: C:/Users/briza/Documents/GitHub/HDL/lab7/src/calculator.vhd Line: 51
Info (12021): Found 2 design units, including 1 entities, in source file /users/briza/documents/github/hdl/lab7/src/calculator_mem.vhd
    Info (12022): Found design unit 1: calculator_mem-arc File: C:/Users/briza/Documents/GitHub/HDL/lab7/src/calculator_mem.vhd Line: 36
    Info (12023): Found entity 1: calculator_mem File: C:/Users/briza/Documents/GitHub/HDL/lab7/src/calculator_mem.vhd Line: 23
Info (12021): Found 2 design units, including 1 entities, in source file /users/briza/documents/github/hdl/lab7/src/rom/calculator_rom.vhd
    Info (12022): Found design unit 1: calculator_rom-SYN File: C:/Users/briza/Documents/GitHub/HDL/lab7/src/rom/calculator_rom.vhd Line: 52
    Info (12023): Found entity 1: calculator_rom File: C:/Users/briza/Documents/GitHub/HDL/lab7/src/rom/calculator_rom.vhd Line: 42
Info (12021): Found 2 design units, including 1 entities, in source file /users/briza/documents/github/hdl/lab7/src/top.vhd
    Info (12022): Found design unit 1: top-implementation File: C:/Users/briza/Documents/GitHub/HDL/lab7/src/top.vhd Line: 39
    Info (12023): Found entity 1: top File: C:/Users/briza/Documents/GitHub/HDL/lab7/src/top.vhd Line: 26
Info (12127): Elaborating entity "top" for the top level hierarchy
Info (12128): Elaborating entity "calculator_mem" for hierarchy "calculator_mem:calculator_u" File: C:/Users/briza/Documents/GitHub/HDL/lab7/src/top.vhd Line: 56
Info (12128): Elaborating entity "alu" for hierarchy "calculator_mem:calculator_u|alu:alu_u" File: C:/Users/briza/Documents/GitHub/HDL/lab7/src/calculator_mem.vhd Line: 80
Info (12128): Elaborating entity "memory" for hierarchy "calculator_mem:calculator_u|memory:mem_u" File: C:/Users/briza/Documents/GitHub/HDL/lab7/src/calculator_mem.vhd Line: 92
Info (12128): Elaborating entity "rising_edge_synchronizer" for hierarchy "calculator_mem:calculator_u|rising_edge_synchronizer:execute_u" File: C:/Users/briza/Documents/GitHub/HDL/lab7/src/calculator_mem.vhd Line: 107
Info (12128): Elaborating entity "calculator_rom" for hierarchy "calculator_mem:calculator_u|calculator_rom:rom_u" File: C:/Users/briza/Documents/GitHub/HDL/lab7/src/calculator_mem.vhd Line: 115
Info (12128): Elaborating entity "altsyncram" for hierarchy "calculator_mem:calculator_u|calculator_rom:rom_u|altsyncram:altsyncram_component" File: C:/Users/briza/Documents/GitHub/HDL/lab7/src/rom/calculator_rom.vhd Line: 59
Info (12130): Elaborated megafunction instantiation "calculator_mem:calculator_u|calculator_rom:rom_u|altsyncram:altsyncram_component" File: C:/Users/briza/Documents/GitHub/HDL/lab7/src/rom/calculator_rom.vhd Line: 59
Info (12133): Instantiated megafunction "calculator_mem:calculator_u|calculator_rom:rom_u|altsyncram:altsyncram_component" with the following parameter: File: C:/Users/briza/Documents/GitHub/HDL/lab7/src/rom/calculator_rom.vhd Line: 59
    Info (12134): Parameter "address_aclr_a" = "NONE"
    Info (12134): Parameter "address_aclr_b" = "NONE"
    Info (12134): Parameter "address_reg_b" = "CLOCK1"
    Info (12134): Parameter "byte_size" = "8"
    Info (12134): Parameter "byteena_aclr_a" = "UNUSED"
    Info (12134): Parameter "byteena_aclr_b" = "NONE"
    Info (12134): Parameter "byteena_reg_b" = "CLOCK1"
    Info (12134): Parameter "clock_enable_core_a" = "USE_INPUT_CLKEN"
    Info (12134): Parameter "clock_enable_core_b" = "USE_INPUT_CLKEN"
    Info (12134): Parameter "clock_enable_input_a" = "BYPASS"
    Info (12134): Parameter "clock_enable_input_b" = "NORMAL"
    Info (12134): Parameter "clock_enable_output_a" = "BYPASS"
    Info (12134): Parameter "clock_enable_output_b" = "NORMAL"
    Info (12134): Parameter "intended_device_family" = "Cyclone V"
    Info (12134): Parameter "ecc_pipeline_stage_enabled" = "FALSE"
    Info (12134): Parameter "enable_ecc" = "FALSE"
    Info (12134): Parameter "implement_in_les" = "OFF"
    Info (12134): Parameter "indata_aclr_a" = "UNUSED"
    Info (12134): Parameter "indata_aclr_b" = "NONE"
    Info (12134): Parameter "indata_reg_b" = "CLOCK1"
    Info (12134): Parameter "init_file" = "calculator.mif"
    Info (12134): Parameter "init_file_layout" = "PORT_A"
    Info (12134): Parameter "maximum_depth" = "0"
    Info (12134): Parameter "numwords_a" = "32"
    Info (12134): Parameter "numwords_b" = "0"
    Info (12134): Parameter "operation_mode" = "ROM"
    Info (12134): Parameter "outdata_aclr_a" = "NONE"
    Info (12134): Parameter "outdata_aclr_b" = "NONE"
    Info (12134): Parameter "outdata_reg_a" = "UNREGISTERED"
    Info (12134): Parameter "outdata_reg_b" = "UNREGISTERED"
    Info (12134): Parameter "power_up_uninitialized" = "FALSE"
    Info (12134): Parameter "ram_block_type" = "M10K"
    Info (12134): Parameter "rdcontrol_aclr_b" = "NONE"
    Info (12134): Parameter "rdcontrol_reg_b" = "CLOCK1"
    Info (12134): Parameter "read_during_write_mode_mixed_ports" = "DONT_CARE"
    Info (12134): Parameter "read_during_write_mode_port_a" = "NEW_DATA_NO_NBE_READ"
    Info (12134): Parameter "read_during_write_mode_port_b" = "NEW_DATA_NO_NBE_READ"
    Info (12134): Parameter "stratixiv_m144k_allow_dual_clocks" = "ON"
    Info (12134): Parameter "width_a" = "11"
    Info (12134): Parameter "width_b" = "1"
    Info (12134): Parameter "width_byteena_a" = "1"
    Info (12134): Parameter "width_byteena_b" = "1"
    Info (12134): Parameter "width_eccstatus" = "3"
    Info (12134): Parameter "widthad_a" = "5"
    Info (12134): Parameter "widthad_b" = "1"
    Info (12134): Parameter "wrcontrol_aclr_a" = "UNUSED"
    Info (12134): Parameter "wrcontrol_aclr_b" = "NONE"
    Info (12134): Parameter "wrcontrol_wraddress_reg_b" = "CLOCK1"
    Info (12134): Parameter "lpm_hint" = "ENABLE_RUNTIME_MOD=NO"
    Info (12134): Parameter "lpm_type" = "altsyncram"
Info (12021): Found 1 design units, including 1 entities, in source file db/altsyncram_hc24.tdf
    Info (12023): Found entity 1: altsyncram_hc24 File: C:/Users/briza/Documents/GitHub/HDL/lab7/hw/project/db/altsyncram_hc24.tdf Line: 27
Info (12128): Elaborating entity "altsyncram_hc24" for hierarchy "calculator_mem:calculator_u|calculator_rom:rom_u|altsyncram:altsyncram_component|altsyncram_hc24:auto_generated" File: c:/intelfpga_lite/18.1/quartus/libraries/megafunctions/altsyncram.tdf Line: 791
Info (12128): Elaborating entity "double_dabble" for hierarchy "calculator_mem:calculator_u|double_dabble:dd" File: C:/Users/briza/Documents/GitHub/HDL/lab7/src/calculator_mem.vhd Line: 261
Info (12128): Elaborating entity "bcd_to_seven_seg" for hierarchy "calculator_mem:calculator_u|bcd_to_seven_seg:ones_display" File: C:/Users/briza/Documents/GitHub/HDL/lab7/src/calculator_mem.vhd Line: 269
Info (278001): Inferred 1 megafunctions from design logic
    Info (278004): Inferred divider/modulo megafunction ("lpm_divide") from the following logic: "calculator_mem:calculator_u|alu:alu_u|Div0" File: C:/Users/briza/Documents/GitHub/HDL/lab7/src/alu.vhd Line: 38
Info (12130): Elaborated megafunction instantiation "calculator_mem:calculator_u|alu:alu_u|lpm_divide:Div0" File: C:/Users/briza/Documents/GitHub/HDL/lab7/src/alu.vhd Line: 38
Info (12133): Instantiated megafunction "calculator_mem:calculator_u|alu:alu_u|lpm_divide:Div0" with the following parameter: File: C:/Users/briza/Documents/GitHub/HDL/lab7/src/alu.vhd Line: 38
    Info (12134): Parameter "LPM_WIDTHN" = "16"
    Info (12134): Parameter "LPM_WIDTHD" = "16"
    Info (12134): Parameter "LPM_NREPRESENTATION" = "UNSIGNED"
    Info (12134): Parameter "LPM_DREPRESENTATION" = "UNSIGNED"
Info (12021): Found 1 design units, including 1 entities, in source file db/lpm_divide_7dm.tdf
    Info (12023): Found entity 1: lpm_divide_7dm File: C:/Users/briza/Documents/GitHub/HDL/lab7/hw/project/db/lpm_divide_7dm.tdf Line: 24
Info (12021): Found 1 design units, including 1 entities, in source file db/sign_div_unsign_dnh.tdf
    Info (12023): Found entity 1: sign_div_unsign_dnh File: C:/Users/briza/Documents/GitHub/HDL/lab7/hw/project/db/sign_div_unsign_dnh.tdf Line: 24
Info (12021): Found 1 design units, including 1 entities, in source file db/alt_u_div_03f.tdf
    Info (12023): Found entity 1: alt_u_div_03f File: C:/Users/briza/Documents/GitHub/HDL/lab7/hw/project/db/alt_u_div_03f.tdf Line: 22
Warning (13024): Output pins are stuck at VCC or GND
    Warning (13410): Pin "hundreds[1]" is stuck at GND File: C:/Users/briza/Documents/GitHub/HDL/lab7/src/top.vhd Line: 34
Info (286030): Timing-Driven Synthesis is running
Info (17049): 16 registers lost all their fanouts during netlist optimizations.
Info (16010): Generating hard_block partition "hard_block:auto_generated_inst"
    Info (16011): Adding 0 node(s), including 0 DDIO, 0 PLL, 0 transceiver and 0 LCELL
Info (21057): Implemented 454 device resources after synthesis - the final resource count might be different
    Info (21058): Implemented 3 input pins
    Info (21059): Implemented 26 output pins
    Info (21061): Implemented 413 logic cells
    Info (21064): Implemented 11 RAM segments
    Info (21062): Implemented 1 DSP elements
Info: Quartus Prime Analysis & Synthesis was successful. 0 errors, 3 warnings
    Info: Peak virtual memory: 4883 megabytes
    Info: Processing ended: Tue Nov 26 14:22:48 2019
    Info: Elapsed time: 00:00:12
    Info: Total CPU time (on all processors): 00:00:23


