Analysis & Synthesis report for add_sub_state_machine
Thu Nov 21 08:06:37 2019
Quartus Prime Version 18.1.0 Build 625 09/12/2018 SJ Lite Edition


---------------------
; Table of Contents ;
---------------------
  1. Legal Notice
  2. Analysis & Synthesis Summary
  3. Analysis & Synthesis Settings
  4. Parallel Compilation
  5. Analysis & Synthesis Source Files Read
  6. Analysis & Synthesis Resource Usage Summary
  7. Analysis & Synthesis Resource Utilization by Entity
  8. State Machine - |add_sub_state_machine|state_reg
  9. User-Specified and Inferred Latches
 10. General Register Statistics
 11. Inverted Register Statistics
 12. Multiplexer Restructuring Statistics (Restructuring Performed)
 13. Parameter Settings for User Entity Instance: gen_add_sub:addsub_u
 14. Port Connectivity Checks: "double_dabble:dd"
 15. Post-Synthesis Netlist Statistics for Top Partition
 16. Elapsed Time Per Partition
 17. Analysis & Synthesis Messages



----------------
; Legal Notice ;
----------------
Copyright (C) 2018  Intel Corporation. All rights reserved.
Your use of Intel Corporation's design tools, logic functions 
and other software and tools, and its AMPP partner logic 
functions, and any output files from any of the foregoing 
(including device programming or simulation files), and any 
associated documentation or information are expressly subject 
to the terms and conditions of the Intel Program License 
Subscription Agreement, the Intel Quartus Prime License Agreement,
the Intel FPGA IP License Agreement, or other applicable license
agreement, including, without limitation, that your use is for
the sole purpose of programming logic devices manufactured by
Intel and sold by Intel or its authorized distributors.  Please
refer to the applicable agreement for further details.



+-------------------------------------------------------------------------------+
; Analysis & Synthesis Summary                                                  ;
+---------------------------------+---------------------------------------------+
; Analysis & Synthesis Status     ; Successful - Thu Nov 21 08:06:37 2019       ;
; Quartus Prime Version           ; 18.1.0 Build 625 09/12/2018 SJ Lite Edition ;
; Revision Name                   ; add_sub_state_machine                       ;
; Top-level Entity Name           ; add_sub_state_machine                       ;
; Family                          ; Cyclone V                                   ;
; Logic utilization (in ALMs)     ; N/A                                         ;
; Total registers                 ; 45                                          ;
; Total pins                      ; 36                                          ;
; Total virtual pins              ; 0                                           ;
; Total block memory bits         ; 0                                           ;
; Total DSP Blocks                ; 0                                           ;
; Total HSSI RX PCSs              ; 0                                           ;
; Total HSSI PMA RX Deserializers ; 0                                           ;
; Total HSSI TX PCSs              ; 0                                           ;
; Total HSSI PMA TX Serializers   ; 0                                           ;
; Total PLLs                      ; 0                                           ;
; Total DLLs                      ; 0                                           ;
+---------------------------------+---------------------------------------------+


+---------------------------------------------------------------------------------------------------------------------------------+
; Analysis & Synthesis Settings                                                                                                   ;
+---------------------------------------------------------------------------------+-----------------------+-----------------------+
; Option                                                                          ; Setting               ; Default Value         ;
+---------------------------------------------------------------------------------+-----------------------+-----------------------+
; Device                                                                          ; 5CSEMA5F31C6          ;                       ;
; Top-level entity name                                                           ; add_sub_state_machine ; add_sub_state_machine ;
; Family name                                                                     ; Cyclone V             ; Cyclone V             ;
; Use smart compilation                                                           ; Off                   ; Off                   ;
; Enable parallel Assembler and Timing Analyzer during compilation                ; On                    ; On                    ;
; Enable compact report table                                                     ; Off                   ; Off                   ;
; Restructure Multiplexers                                                        ; Auto                  ; Auto                  ;
; MLAB Add Timing Constraints For Mixed-Port Feed-Through Mode Setting Don't Care ; Off                   ; Off                   ;
; Create Debugging Nodes for IP Cores                                             ; Off                   ; Off                   ;
; Preserve fewer node names                                                       ; On                    ; On                    ;
; Intel FPGA IP Evaluation Mode                                                   ; Enable                ; Enable                ;
; Verilog Version                                                                 ; Verilog_2001          ; Verilog_2001          ;
; VHDL Version                                                                    ; VHDL_1993             ; VHDL_1993             ;
; State Machine Processing                                                        ; Auto                  ; Auto                  ;
; Safe State Machine                                                              ; Off                   ; Off                   ;
; Extract Verilog State Machines                                                  ; On                    ; On                    ;
; Extract VHDL State Machines                                                     ; On                    ; On                    ;
; Ignore Verilog initial constructs                                               ; Off                   ; Off                   ;
; Iteration limit for constant Verilog loops                                      ; 5000                  ; 5000                  ;
; Iteration limit for non-constant Verilog loops                                  ; 250                   ; 250                   ;
; Add Pass-Through Logic to Inferred RAMs                                         ; On                    ; On                    ;
; Infer RAMs from Raw Logic                                                       ; On                    ; On                    ;
; Parallel Synthesis                                                              ; On                    ; On                    ;
; DSP Block Balancing                                                             ; Auto                  ; Auto                  ;
; NOT Gate Push-Back                                                              ; On                    ; On                    ;
; Power-Up Don't Care                                                             ; On                    ; On                    ;
; Remove Redundant Logic Cells                                                    ; Off                   ; Off                   ;
; Remove Duplicate Registers                                                      ; On                    ; On                    ;
; Ignore CARRY Buffers                                                            ; Off                   ; Off                   ;
; Ignore CASCADE Buffers                                                          ; Off                   ; Off                   ;
; Ignore GLOBAL Buffers                                                           ; Off                   ; Off                   ;
; Ignore ROW GLOBAL Buffers                                                       ; Off                   ; Off                   ;
; Ignore LCELL Buffers                                                            ; Off                   ; Off                   ;
; Ignore SOFT Buffers                                                             ; On                    ; On                    ;
; Limit AHDL Integers to 32 Bits                                                  ; Off                   ; Off                   ;
; Optimization Technique                                                          ; Balanced              ; Balanced              ;
; Carry Chain Length                                                              ; 70                    ; 70                    ;
; Auto Carry Chains                                                               ; On                    ; On                    ;
; Auto Open-Drain Pins                                                            ; On                    ; On                    ;
; Perform WYSIWYG Primitive Resynthesis                                           ; Off                   ; Off                   ;
; Auto ROM Replacement                                                            ; On                    ; On                    ;
; Auto RAM Replacement                                                            ; On                    ; On                    ;
; Auto DSP Block Replacement                                                      ; On                    ; On                    ;
; Auto Shift Register Replacement                                                 ; Auto                  ; Auto                  ;
; Allow Shift Register Merging across Hierarchies                                 ; Auto                  ; Auto                  ;
; Auto Clock Enable Replacement                                                   ; On                    ; On                    ;
; Strict RAM Replacement                                                          ; Off                   ; Off                   ;
; Allow Synchronous Control Signals                                               ; On                    ; On                    ;
; Force Use of Synchronous Clear Signals                                          ; Off                   ; Off                   ;
; Auto Resource Sharing                                                           ; Off                   ; Off                   ;
; Allow Any RAM Size For Recognition                                              ; Off                   ; Off                   ;
; Allow Any ROM Size For Recognition                                              ; Off                   ; Off                   ;
; Allow Any Shift Register Size For Recognition                                   ; Off                   ; Off                   ;
; Use LogicLock Constraints during Resource Balancing                             ; On                    ; On                    ;
; Ignore translate_off and synthesis_off directives                               ; Off                   ; Off                   ;
; Timing-Driven Synthesis                                                         ; On                    ; On                    ;
; Report Parameter Settings                                                       ; On                    ; On                    ;
; Report Source Assignments                                                       ; On                    ; On                    ;
; Report Connectivity Checks                                                      ; On                    ; On                    ;
; Ignore Maximum Fan-Out Assignments                                              ; Off                   ; Off                   ;
; Synchronization Register Chain Length                                           ; 3                     ; 3                     ;
; Power Optimization During Synthesis                                             ; Normal compilation    ; Normal compilation    ;
; HDL message level                                                               ; Level2                ; Level2                ;
; Suppress Register Optimization Related Messages                                 ; Off                   ; Off                   ;
; Number of Removed Registers Reported in Synthesis Report                        ; 5000                  ; 5000                  ;
; Number of Swept Nodes Reported in Synthesis Report                              ; 5000                  ; 5000                  ;
; Number of Inverted Registers Reported in Synthesis Report                       ; 100                   ; 100                   ;
; Clock MUX Protection                                                            ; On                    ; On                    ;
; Auto Gated Clock Conversion                                                     ; Off                   ; Off                   ;
; Block Design Naming                                                             ; Auto                  ; Auto                  ;
; SDC constraint protection                                                       ; Off                   ; Off                   ;
; Synthesis Effort                                                                ; Auto                  ; Auto                  ;
; Shift Register Replacement - Allow Asynchronous Clear Signal                    ; On                    ; On                    ;
; Pre-Mapping Resynthesis Optimization                                            ; Off                   ; Off                   ;
; Analysis & Synthesis Message Level                                              ; Medium                ; Medium                ;
; Disable Register Merging Across Hierarchies                                     ; Auto                  ; Auto                  ;
; Resource Aware Inference For Block RAM                                          ; On                    ; On                    ;
; Automatic Parallel Synthesis                                                    ; On                    ; On                    ;
; Partial Reconfiguration Bitstream ID                                            ; Off                   ; Off                   ;
+---------------------------------------------------------------------------------+-----------------------+-----------------------+


+------------------------------------------+
; Parallel Compilation                     ;
+----------------------------+-------------+
; Processors                 ; Number      ;
+----------------------------+-------------+
; Number detected on machine ; 8           ;
; Maximum allowed            ; 4           ;
;                            ;             ;
; Average used               ; 1.00        ;
; Maximum used               ; 4           ;
;                            ;             ;
; Usage by Processor         ; % Time Used ;
;     Processor 1            ; 100.0%      ;
;     Processors 2-4         ;   0.0%      ;
+----------------------------+-------------+


+------------------------------------------------------------------------------------------------------------------------------------------------------------------+
; Analysis & Synthesis Source Files Read                                                                                                                           ;
+----------------------------------------+-----------------+-----------------+---------------------------------------------------------------------------+---------+
; File Name with User-Entered Path       ; Used in Netlist ; File Type       ; File Name with Absolute Path                                              ; Library ;
+----------------------------------------+-----------------+-----------------+---------------------------------------------------------------------------+---------+
; ../../src/rising_edge_synchronizer.vhd ; yes             ; User VHDL File  ; C:/Users/briza/Documents/GitHub/HDL/lab5/src/rising_edge_synchronizer.vhd ;         ;
; ../../src/bcd_to_seven_seg.vhd         ; yes             ; User VHDL File  ; C:/Users/briza/Documents/GitHub/HDL/lab5/src/bcd_to_seven_seg.vhd         ;         ;
; ../../src/gen_add_sub.vhd              ; yes             ; User VHDL File  ; C:/Users/briza/Documents/GitHub/HDL/lab5/src/gen_add_sub.vhd              ;         ;
; ../../src/synchronizer_8bit.vhd        ; yes             ; User VHDL File  ; C:/Users/briza/Documents/GitHub/HDL/lab5/src/synchronizer_8bit.vhd        ;         ;
; ../../src/double_dabble.vhd            ; yes             ; User VHDL File  ; C:/Users/briza/Documents/GitHub/HDL/lab5/src/double_dabble.vhd            ;         ;
; ../../src/components.vhd               ; yes             ; User VHDL File  ; C:/Users/briza/Documents/GitHub/HDL/lab5/src/components.vhd               ;         ;
; ../../src/add_sub_state_machine.vhd    ; yes             ; User VHDL File  ; C:/Users/briza/Documents/GitHub/HDL/lab5/src/add_sub_state_machine.vhd    ;         ;
+----------------------------------------+-----------------+-----------------+---------------------------------------------------------------------------+---------+


+---------------------------------------------------------+
; Analysis & Synthesis Resource Usage Summary             ;
+---------------------------------------------+-----------+
; Resource                                    ; Usage     ;
+---------------------------------------------+-----------+
; Estimate of Logic utilization (ALMs needed) ; 53        ;
;                                             ;           ;
; Combinational ALUT usage for logic          ; 82        ;
;     -- 7 input functions                    ; 0         ;
;     -- 6 input functions                    ; 21        ;
;     -- 5 input functions                    ; 17        ;
;     -- 4 input functions                    ; 8         ;
;     -- <=3 input functions                  ; 36        ;
;                                             ;           ;
; Dedicated logic registers                   ; 45        ;
;                                             ;           ;
; I/O pins                                    ; 36        ;
;                                             ;           ;
; Total DSP Blocks                            ; 0         ;
;                                             ;           ;
; Maximum fan-out node                        ; clk~input ;
; Maximum fan-out                             ; 45        ;
; Total fan-out                               ; 526       ;
; Average fan-out                             ; 2.64      ;
+---------------------------------------------+-----------+


+----------------------------------------------------------------------------------------------------------------------------------------------------------------------------------------------------------------------------------------------------------+
; Analysis & Synthesis Resource Utilization by Entity                                                                                                                                                                                                      ;
+------------------------------------------+---------------------+---------------------------+-------------------+------------+------+--------------+------------------------------------------------------------+--------------------------+--------------+
; Compilation Hierarchy Node               ; Combinational ALUTs ; Dedicated Logic Registers ; Block Memory Bits ; DSP Blocks ; Pins ; Virtual Pins ; Full Hierarchy Name                                        ; Entity Name              ; Library Name ;
+------------------------------------------+---------------------+---------------------------+-------------------+------------+------+--------------+------------------------------------------------------------+--------------------------+--------------+
; |add_sub_state_machine                   ; 82 (33)             ; 45 (4)                    ; 0                 ; 0          ; 36   ; 0            ; |add_sub_state_machine                                     ; add_sub_state_machine    ; work         ;
;    |bcd_to_seven_seg:hundreds_display|   ; 7 (7)               ; 7 (7)                     ; 0                 ; 0          ; 0    ; 0            ; |add_sub_state_machine|bcd_to_seven_seg:hundreds_display   ; bcd_to_seven_seg         ; work         ;
;    |bcd_to_seven_seg:ones_display|       ; 7 (7)               ; 7 (7)                     ; 0                 ; 0          ; 0    ; 0            ; |add_sub_state_machine|bcd_to_seven_seg:ones_display       ; bcd_to_seven_seg         ; work         ;
;    |bcd_to_seven_seg:tens_display|       ; 7 (7)               ; 7 (7)                     ; 0                 ; 0          ; 0    ; 0            ; |add_sub_state_machine|bcd_to_seven_seg:tens_display       ; bcd_to_seven_seg         ; work         ;
;    |double_dabble:dd|                    ; 16 (16)             ; 0 (0)                     ; 0                 ; 0          ; 0    ; 0            ; |add_sub_state_machine|double_dabble:dd                    ; double_dabble            ; work         ;
;    |gen_add_sub:addsub_u|                ; 10 (10)             ; 0 (0)                     ; 0                 ; 0          ; 0    ; 0            ; |add_sub_state_machine|gen_add_sub:addsub_u                ; gen_add_sub              ; work         ;
;    |rising_edge_synchronizer:btn_sync_u| ; 2 (2)               ; 4 (4)                     ; 0                 ; 0          ; 0    ; 0            ; |add_sub_state_machine|rising_edge_synchronizer:btn_sync_u ; rising_edge_synchronizer ; work         ;
;    |synchronizer_8bit:switch_sync_u|     ; 0 (0)               ; 16 (16)                   ; 0                 ; 0          ; 0    ; 0            ; |add_sub_state_machine|synchronizer_8bit:switch_sync_u     ; synchronizer_8bit        ; work         ;
+------------------------------------------+---------------------+---------------------------+-------------------+------------+------+--------------+------------------------------------------------------------+--------------------------+--------------+
Note: For table entries with two numbers listed, the numbers in parentheses indicate the number of resources of the given type used by the specific entity alone. The numbers listed outside of parentheses indicate the total resources of the given type used by the specific entity and all of its sub-entities in the hierarchy.


Encoding Type:  One-Hot
+--------------------------------------------------------------------------------------------------------+
; State Machine - |add_sub_state_machine|state_reg                                                       ;
+---------------------+---------------------+--------------------+-------------------+-------------------+
; Name                ; state_reg.disp_diff ; state_reg.disp_sum ; state_reg.input_b ; state_reg.input_a ;
+---------------------+---------------------+--------------------+-------------------+-------------------+
; state_reg.input_a   ; 0                   ; 0                  ; 0                 ; 0                 ;
; state_reg.input_b   ; 0                   ; 0                  ; 1                 ; 1                 ;
; state_reg.disp_sum  ; 0                   ; 1                  ; 0                 ; 1                 ;
; state_reg.disp_diff ; 1                   ; 0                  ; 0                 ; 1                 ;
+---------------------+---------------------+--------------------+-------------------+-------------------+


+----------------------------------------------------------------------------------------------------+
; User-Specified and Inferred Latches                                                                ;
+-----------------------------------------------------+---------------------+------------------------+
; Latch Name                                          ; Latch Enable Signal ; Free of Timing Hazards ;
+-----------------------------------------------------+---------------------+------------------------+
; a[0]                                                ; state_reg.input_a   ; yes                    ;
; b[0]                                                ; state_reg.input_b   ; yes                    ;
; a[6]                                                ; state_reg.input_a   ; yes                    ;
; b[6]                                                ; state_reg.input_b   ; yes                    ;
; a[7]                                                ; state_reg.input_a   ; yes                    ;
; b[7]                                                ; state_reg.input_b   ; yes                    ;
; a[5]                                                ; state_reg.input_a   ; yes                    ;
; b[5]                                                ; state_reg.input_b   ; yes                    ;
; a[4]                                                ; state_reg.input_a   ; yes                    ;
; b[4]                                                ; state_reg.input_b   ; yes                    ;
; a[3]                                                ; state_reg.input_a   ; yes                    ;
; b[3]                                                ; state_reg.input_b   ; yes                    ;
; a[2]                                                ; state_reg.input_a   ; yes                    ;
; b[2]                                                ; state_reg.input_b   ; yes                    ;
; a[1]                                                ; state_reg.input_a   ; yes                    ;
; b[1]                                                ; state_reg.input_b   ; yes                    ;
; flag                                                ; GND                 ; yes                    ;
; Number of user-specified and inferred latches = 17  ;                     ;                        ;
+-----------------------------------------------------+---------------------+------------------------+
Note: All latches listed above may not be present at the end of synthesis due to various synthesis optimizations.


+------------------------------------------------------+
; General Register Statistics                          ;
+----------------------------------------------+-------+
; Statistic                                    ; Value ;
+----------------------------------------------+-------+
; Total registers                              ; 45    ;
; Number of registers using Synchronous Clear  ; 0     ;
; Number of registers using Synchronous Load   ; 0     ;
; Number of registers using Asynchronous Clear ; 24    ;
; Number of registers using Asynchronous Load  ; 0     ;
; Number of registers using Clock Enable       ; 0     ;
; Number of registers using Preset             ; 0     ;
+----------------------------------------------+-------+


+---------------------------------------------------------+
; Inverted Register Statistics                            ;
+-----------------------------------------------+---------+
; Inverted Register                             ; Fan out ;
+-----------------------------------------------+---------+
; rising_edge_synchronizer:btn_sync_u|input_zz  ; 2       ;
; rising_edge_synchronizer:btn_sync_u|input_zzz ; 1       ;
; rising_edge_synchronizer:btn_sync_u|input_z   ; 1       ;
; Total number of inverted registers = 3        ;         ;
+-----------------------------------------------+---------+


+--------------------------------------------------------------------------------------------------------------------------------------------------------+
; Multiplexer Restructuring Statistics (Restructuring Performed)                                                                                         ;
+--------------------+-----------+---------------+----------------------+------------------------+------------+------------------------------------------+
; Multiplexer Inputs ; Bus Width ; Baseline Area ; Area if Restructured ; Saving if Restructured ; Registered ; Example Multiplexer Output               ;
+--------------------+-----------+---------------+----------------------+------------------------+------------+------------------------------------------+
; 3:1                ; 8 bits    ; 16 LEs        ; 16 LEs               ; 0 LEs                  ; No         ; |add_sub_state_machine|display_padded[2] ;
+--------------------+-----------+---------------+----------------------+------------------------+------------+------------------------------------------+


+-------------------------------------------------------------------+
; Parameter Settings for User Entity Instance: gen_add_sub:addsub_u ;
+----------------+-------+------------------------------------------+
; Parameter Name ; Value ; Type                                     ;
+----------------+-------+------------------------------------------+
; bits           ; 8     ; Signed Integer                           ;
+----------------+-------+------------------------------------------+
Note: In order to hide this table in the UI and the text report file, please set the "Show Parameter Settings in Synthesis Report" option in "Analysis and Synthesis Settings -> More Settings" to "Off".


+--------------------------------------------------------+
; Port Connectivity Checks: "double_dabble:dd"           ;
+----------------------+-------+----------+--------------+
; Port                 ; Type  ; Severity ; Details      ;
+----------------------+-------+----------+--------------+
; result_padded[11..9] ; Input ; Info     ; Stuck at GND ;
+----------------------+-------+----------+--------------+


+-----------------------------------------------------+
; Post-Synthesis Netlist Statistics for Top Partition ;
+-----------------------+-----------------------------+
; Type                  ; Count                       ;
+-----------------------+-----------------------------+
; arriav_ff             ; 45                          ;
;     CLR               ; 24                          ;
;     plain             ; 21                          ;
; arriav_lcell_comb     ; 83                          ;
;     arith             ; 10                          ;
;         1 data inputs ; 2                           ;
;         3 data inputs ; 8                           ;
;     normal            ; 73                          ;
;         1 data inputs ; 2                           ;
;         2 data inputs ; 3                           ;
;         3 data inputs ; 22                          ;
;         4 data inputs ; 8                           ;
;         5 data inputs ; 17                          ;
;         6 data inputs ; 21                          ;
; boundary_port         ; 36                          ;
;                       ;                             ;
; Max LUT depth         ; 5.80                        ;
; Average LUT depth     ; 3.04                        ;
+-----------------------+-----------------------------+


+-------------------------------+
; Elapsed Time Per Partition    ;
+----------------+--------------+
; Partition Name ; Elapsed Time ;
+----------------+--------------+
; Top            ; 00:00:01     ;
+----------------+--------------+


+-------------------------------+
; Analysis & Synthesis Messages ;
+-------------------------------+
Info: *******************************************************************
Info: Running Quartus Prime Analysis & Synthesis
    Info: Version 18.1.0 Build 625 09/12/2018 SJ Lite Edition
    Info: Processing started: Thu Nov 21 08:06:26 2019
Info: Command: quartus_map --read_settings_files=on --write_settings_files=off add_sub_state_machine -c add_sub_state_machine
Warning (18236): Number of processors has not been specified which may cause overloading on shared machines.  Set the global assignment NUM_PARALLEL_PROCESSORS in your QSF to an appropriate value for best performance.
Info (20030): Parallel compilation is enabled and will use 4 of the 4 processors detected
Info (12021): Found 2 design units, including 1 entities, in source file /users/briza/documents/github/hdl/lab5/src/rising_edge_synchronizer.vhd
    Info (12022): Found design unit 1: rising_edge_synchronizer-beh File: C:/Users/briza/Documents/GitHub/HDL/lab5/src/rising_edge_synchronizer.vhd Line: 17
    Info (12023): Found entity 1: rising_edge_synchronizer File: C:/Users/briza/Documents/GitHub/HDL/lab5/src/rising_edge_synchronizer.vhd Line: 8
Info (12021): Found 2 design units, including 1 entities, in source file /users/briza/documents/github/hdl/lab5/src/bcd_to_seven_seg.vhd
    Info (12022): Found design unit 1: bcd_to_seven_seg-arc File: C:/Users/briza/Documents/GitHub/HDL/lab5/src/bcd_to_seven_seg.vhd Line: 53
    Info (12023): Found entity 1: bcd_to_seven_seg File: C:/Users/briza/Documents/GitHub/HDL/lab5/src/bcd_to_seven_seg.vhd Line: 41
Info (12021): Found 2 design units, including 1 entities, in source file /users/briza/documents/github/hdl/lab5/src/gen_add_sub.vhd
    Info (12022): Found design unit 1: gen_add_sub-arc File: C:/Users/briza/Documents/GitHub/HDL/lab5/src/gen_add_sub.vhd Line: 34
    Info (12023): Found entity 1: gen_add_sub File: C:/Users/briza/Documents/GitHub/HDL/lab5/src/gen_add_sub.vhd Line: 22
Info (12021): Found 2 design units, including 1 entities, in source file /users/briza/documents/github/hdl/lab5/src/synchronizer_8bit.vhd
    Info (12022): Found design unit 1: synchronizer_8bit-beh File: C:/Users/briza/Documents/GitHub/HDL/lab5/src/synchronizer_8bit.vhd Line: 30
    Info (12023): Found entity 1: synchronizer_8bit File: C:/Users/briza/Documents/GitHub/HDL/lab5/src/synchronizer_8bit.vhd Line: 21
Info (12021): Found 2 design units, including 1 entities, in source file /users/briza/documents/github/hdl/lab5/src/double_dabble.vhd
    Info (12022): Found design unit 1: double_dabble-arc File: C:/Users/briza/Documents/GitHub/HDL/lab5/src/double_dabble.vhd Line: 35
    Info (12023): Found entity 1: double_dabble File: C:/Users/briza/Documents/GitHub/HDL/lab5/src/double_dabble.vhd Line: 26
Info (12021): Found 1 design units, including 0 entities, in source file /users/briza/documents/github/hdl/lab5/src/components.vhd
    Info (12022): Found design unit 1: components File: C:/Users/briza/Documents/GitHub/HDL/lab5/src/components.vhd Line: 5
Info (12021): Found 2 design units, including 1 entities, in source file /users/briza/documents/github/hdl/lab5/src/add_sub_state_machine.vhd
    Info (12022): Found design unit 1: add_sub_state_machine-arc File: C:/Users/briza/Documents/GitHub/HDL/lab5/src/add_sub_state_machine.vhd Line: 37
    Info (12023): Found entity 1: add_sub_state_machine File: C:/Users/briza/Documents/GitHub/HDL/lab5/src/add_sub_state_machine.vhd Line: 23
Info (12127): Elaborating entity "add_sub_state_machine" for the top level hierarchy
Warning (10631): VHDL Process Statement warning at add_sub_state_machine.vhd(132): inferring latch(es) for signal or variable "flag", which holds its previous value in one or more paths through the process File: C:/Users/briza/Documents/GitHub/HDL/lab5/src/add_sub_state_machine.vhd Line: 132
Warning (10631): VHDL Process Statement warning at add_sub_state_machine.vhd(153): inferring latch(es) for signal or variable "a", which holds its previous value in one or more paths through the process File: C:/Users/briza/Documents/GitHub/HDL/lab5/src/add_sub_state_machine.vhd Line: 153
Warning (10631): VHDL Process Statement warning at add_sub_state_machine.vhd(153): inferring latch(es) for signal or variable "b", which holds its previous value in one or more paths through the process File: C:/Users/briza/Documents/GitHub/HDL/lab5/src/add_sub_state_machine.vhd Line: 153
Warning (10492): VHDL Process Statement warning at add_sub_state_machine.vhd(166): signal "a_padded" is read inside the Process Statement but isn't in the Process Statement's sensitivity list File: C:/Users/briza/Documents/GitHub/HDL/lab5/src/add_sub_state_machine.vhd Line: 166
Warning (10492): VHDL Process Statement warning at add_sub_state_machine.vhd(168): signal "b_padded" is read inside the Process Statement but isn't in the Process Statement's sensitivity list File: C:/Users/briza/Documents/GitHub/HDL/lab5/src/add_sub_state_machine.vhd Line: 168
Info (10041): Inferred latch for "b[0]" at add_sub_state_machine.vhd(153) File: C:/Users/briza/Documents/GitHub/HDL/lab5/src/add_sub_state_machine.vhd Line: 153
Info (10041): Inferred latch for "b[1]" at add_sub_state_machine.vhd(153) File: C:/Users/briza/Documents/GitHub/HDL/lab5/src/add_sub_state_machine.vhd Line: 153
Info (10041): Inferred latch for "b[2]" at add_sub_state_machine.vhd(153) File: C:/Users/briza/Documents/GitHub/HDL/lab5/src/add_sub_state_machine.vhd Line: 153
Info (10041): Inferred latch for "b[3]" at add_sub_state_machine.vhd(153) File: C:/Users/briza/Documents/GitHub/HDL/lab5/src/add_sub_state_machine.vhd Line: 153
Info (10041): Inferred latch for "b[4]" at add_sub_state_machine.vhd(153) File: C:/Users/briza/Documents/GitHub/HDL/lab5/src/add_sub_state_machine.vhd Line: 153
Info (10041): Inferred latch for "b[5]" at add_sub_state_machine.vhd(153) File: C:/Users/briza/Documents/GitHub/HDL/lab5/src/add_sub_state_machine.vhd Line: 153
Info (10041): Inferred latch for "b[6]" at add_sub_state_machine.vhd(153) File: C:/Users/briza/Documents/GitHub/HDL/lab5/src/add_sub_state_machine.vhd Line: 153
Info (10041): Inferred latch for "b[7]" at add_sub_state_machine.vhd(153) File: C:/Users/briza/Documents/GitHub/HDL/lab5/src/add_sub_state_machine.vhd Line: 153
Info (10041): Inferred latch for "a[0]" at add_sub_state_machine.vhd(153) File: C:/Users/briza/Documents/GitHub/HDL/lab5/src/add_sub_state_machine.vhd Line: 153
Info (10041): Inferred latch for "a[1]" at add_sub_state_machine.vhd(153) File: C:/Users/briza/Documents/GitHub/HDL/lab5/src/add_sub_state_machine.vhd Line: 153
Info (10041): Inferred latch for "a[2]" at add_sub_state_machine.vhd(153) File: C:/Users/briza/Documents/GitHub/HDL/lab5/src/add_sub_state_machine.vhd Line: 153
Info (10041): Inferred latch for "a[3]" at add_sub_state_machine.vhd(153) File: C:/Users/briza/Documents/GitHub/HDL/lab5/src/add_sub_state_machine.vhd Line: 153
Info (10041): Inferred latch for "a[4]" at add_sub_state_machine.vhd(153) File: C:/Users/briza/Documents/GitHub/HDL/lab5/src/add_sub_state_machine.vhd Line: 153
Info (10041): Inferred latch for "a[5]" at add_sub_state_machine.vhd(153) File: C:/Users/briza/Documents/GitHub/HDL/lab5/src/add_sub_state_machine.vhd Line: 153
Info (10041): Inferred latch for "a[6]" at add_sub_state_machine.vhd(153) File: C:/Users/briza/Documents/GitHub/HDL/lab5/src/add_sub_state_machine.vhd Line: 153
Info (10041): Inferred latch for "a[7]" at add_sub_state_machine.vhd(153) File: C:/Users/briza/Documents/GitHub/HDL/lab5/src/add_sub_state_machine.vhd Line: 153
Info (10041): Inferred latch for "flag" at add_sub_state_machine.vhd(132) File: C:/Users/briza/Documents/GitHub/HDL/lab5/src/add_sub_state_machine.vhd Line: 132
Info (12128): Elaborating entity "synchronizer_8bit" for hierarchy "synchronizer_8bit:switch_sync_u" File: C:/Users/briza/Documents/GitHub/HDL/lab5/src/add_sub_state_machine.vhd Line: 71
Info (12128): Elaborating entity "rising_edge_synchronizer" for hierarchy "rising_edge_synchronizer:btn_sync_u" File: C:/Users/briza/Documents/GitHub/HDL/lab5/src/add_sub_state_machine.vhd Line: 79
Info (12128): Elaborating entity "gen_add_sub" for hierarchy "gen_add_sub:addsub_u" File: C:/Users/briza/Documents/GitHub/HDL/lab5/src/add_sub_state_machine.vhd Line: 87
Info (12128): Elaborating entity "double_dabble" for hierarchy "double_dabble:dd" File: C:/Users/briza/Documents/GitHub/HDL/lab5/src/add_sub_state_machine.vhd Line: 181
Info (12128): Elaborating entity "bcd_to_seven_seg" for hierarchy "bcd_to_seven_seg:ones_display" File: C:/Users/briza/Documents/GitHub/HDL/lab5/src/add_sub_state_machine.vhd Line: 189
Info (286030): Timing-Driven Synthesis is running
Info (16010): Generating hard_block partition "hard_block:auto_generated_inst"
    Info (16011): Adding 0 node(s), including 0 DDIO, 0 PLL, 0 transceiver and 0 LCELL
Info (21057): Implemented 136 device resources after synthesis - the final resource count might be different
    Info (21058): Implemented 11 input pins
    Info (21059): Implemented 25 output pins
    Info (21061): Implemented 100 logic cells
Info: Quartus Prime Analysis & Synthesis was successful. 0 errors, 6 warnings
    Info: Peak virtual memory: 4863 megabytes
    Info: Processing ended: Thu Nov 21 08:06:37 2019
    Info: Elapsed time: 00:00:11
    Info: Total CPU time (on all processors): 00:00:23


